<?xml version="1.0" encoding="UTF-8"?>
<!-- Generated by org.testng.reporters.JUnitReportReporter -->
<testsuite hostname="DESKTOP-8Q08RE0" failures="0" tests="1" name="AutomationFramework.AppTest" time="0.001" errors="0" timestamp="23 Feb 2021 17:34:00 GMT">
  <testcase classname="AutomationFramework.AppTest" name="shouldAnswerWithTrue" time="0.001"/>
</testsuite> <!-- AutomationFramework.AppTest -->
